2024-09-06 11:29 - INFO - Get request to https://fantasy.premierleague.com/api/bootstrap-static/
2024-09-06 11:31 - WARNING - 203 rows removed
2024-09-06 11:31 - WARNING - 0 rows removed
2024-09-06 11:31 - WARNING - 0 rows removed
2024-09-06 11:31 - INFO - Starting to build model
2024-09-06 11:31 - INFO - Data encoded
2024-09-06 11:31 - INFO - Data imputed
2024-09-06 11:31 - INFO - Starting Grid Search
2024-09-06 11:32 - INFO - Grid Search Complete
2024-09-06 11:32 - INFO - Best params: {'learning_rate': 0.05, 'n_estimators': 165}
2024-09-06 11:32 - INFO - Model Trained
2024-09-06 11:32 - INFO - Model built
2024-09-06 11:32 - INFO - MAE: 34.23963550867674, Average: 58.88753056234719
2024-09-06 11:32 - INFO - Visualising Results
2024-09-06 11:32 - INFO - Starting predictions
2024-09-06 11:32 - INFO - Data encoded
2024-09-06 11:32 - INFO - Data imputed
2024-09-06 11:32 - INFO - Making prediction
2024-09-06 11:32 - INFO - Prediction finished
2024-09-06 11:32 - INFO - JULIAN ALVAREZ removed
2024-09-06 11:32 - INFO - Position and RK encoded
2024-09-06 11:32 - INFO - Constraint columns added
2024-09-06 11:32 - INFO - Optimisation problem created
2024-09-06 11:32 - INFO - Problem solved
2024-09-06 11:32 - INFO - Squad created
2024-09-06 11:32 - INFO - Data encoded
2024-09-06 11:32 - INFO - Data imputed
